Crashlog created at 2016-10-03 13:41:56 +0000

===== MESSAGE:

NameError: undefined local variable or method `languages' for #<Nanoc::Int::Context:0x0000000251a908>

===== COMPILATION STACK:

  - [item]   /insta-tweet.md (rep default)

===== STACK TRACE:

  0. layout /default.html:38:in `get_binding'
  1. /usr/local/rvm/rubies/ruby-2.3.0/lib/ruby/2.3.0/erb.rb:864:in `eval'
  2. /usr/local/rvm/rubies/ruby-2.3.0/lib/ruby/2.3.0/erb.rb:864:in `result'
  3. /usr/local/rvm/gems/ruby-2.3.0/gems/nanoc-4.3.2/lib/nanoc/filters/erb.rb:32:in `run'
  4. /usr/local/rvm/gems/ruby-2.3.0/gems/nanoc-4.3.2/lib/nanoc/base/compilation/filter.rb:137:in `setup_and_run'
  5. /usr/local/rvm/gems/ruby-2.3.0/gems/nanoc-4.3.2/lib/nanoc/base/services/executor.rb:80:in `layout'
  6. /usr/local/rvm/gems/ruby-2.3.0/gems/nanoc-4.3.2/lib/nanoc/base/compilation/compiler.rb:254:in `block in recalculate_content_for_rep'
  7. /usr/local/rvm/gems/ruby-2.3.0/gems/nanoc-4.3.2/lib/nanoc/base/entities/rule_memory.rb:57:in `block in each'
  8. /usr/local/rvm/gems/ruby-2.3.0/gems/nanoc-4.3.2/lib/nanoc/base/entities/rule_memory.rb:57:in `each'
  9. /usr/local/rvm/gems/ruby-2.3.0/gems/nanoc-4.3.2/lib/nanoc/base/entities/rule_memory.rb:57:in `each'
  10. /usr/local/rvm/gems/ruby-2.3.0/gems/nanoc-4.3.2/lib/nanoc/base/compilation/compiler.rb:249:in `recalculate_content_for_rep'
  11. /usr/local/rvm/gems/ruby-2.3.0/gems/nanoc-4.3.2/lib/nanoc/base/compilation/compiler.rb:224:in `compile_rep'
  12. /usr/local/rvm/gems/ruby-2.3.0/gems/nanoc-4.3.2/lib/nanoc/base/compilation/compiler.rb:197:in `block in compile_reps'
  13. /usr/local/rvm/gems/ruby-2.3.0/gems/nanoc-4.3.2/lib/nanoc/base/services/item_rep_selector.rb:18:in `block in each'
  14. /usr/local/rvm/gems/ruby-2.3.0/gems/nanoc-4.3.2/lib/nanoc/base/services/item_rep_selector.rb:13:in `loop'
  15. /usr/local/rvm/gems/ruby-2.3.0/gems/nanoc-4.3.2/lib/nanoc/base/services/item_rep_selector.rb:13:in `each'
  16. /usr/local/rvm/gems/ruby-2.3.0/gems/nanoc-4.3.2/lib/nanoc/base/compilation/compiler.rb:195:in `compile_reps'
  17. /usr/local/rvm/gems/ruby-2.3.0/gems/nanoc-4.3.2/lib/nanoc/base/compilation/compiler.rb:89:in `run'
  18. /usr/local/rvm/gems/ruby-2.3.0/gems/nanoc-4.3.2/lib/nanoc/base/compilation/compiler.rb:77:in `run_all'
  19. /usr/local/rvm/gems/ruby-2.3.0/gems/nanoc-4.3.2/lib/nanoc/base/entities/site.rb:30:in `compile'
  20. /usr/local/rvm/gems/ruby-2.3.0/gems/nanoc-4.3.2/lib/nanoc/cli/commands/compile.rb:406:in `block in run'
  21. /usr/local/rvm/gems/ruby-2.3.0/gems/nanoc-4.3.2/lib/nanoc/cli/commands/compile.rb:449:in `run_listeners_while'
  22. /usr/local/rvm/gems/ruby-2.3.0/gems/nanoc-4.3.2/lib/nanoc/cli/commands/compile.rb:405:in `run'
  23. /usr/local/rvm/gems/ruby-2.3.0/gems/nanoc-4.3.2/lib/nanoc/cli/command_runner.rb:12:in `block in call'
  24. /usr/local/rvm/gems/ruby-2.3.0/gems/nanoc-4.3.2/lib/nanoc/cli/error_handler.rb:64:in `handle_while'
  25. /usr/local/rvm/gems/ruby-2.3.0/gems/nanoc-4.3.2/lib/nanoc/cli/error_handler.rb:22:in `handle_while'
  26. /usr/local/rvm/gems/ruby-2.3.0/gems/nanoc-4.3.2/lib/nanoc/cli/command_runner.rb:11:in `call'
  27. /usr/local/rvm/gems/ruby-2.3.0/gems/cri-2.7.0/lib/cri/command_dsl.rb:233:in `block in runner'
  28. /usr/local/rvm/gems/ruby-2.3.0/gems/cri-2.7.0/lib/cri/command.rb:294:in `run_this'
  29. /usr/local/rvm/gems/ruby-2.3.0/gems/cri-2.7.0/lib/cri/command.rb:247:in `run'
  30. /usr/local/rvm/gems/ruby-2.3.0/gems/nanoc-4.3.2/lib/nanoc/cli/commands/nanoc.rb:37:in `block in define'
  31. /usr/local/rvm/gems/ruby-2.3.0/gems/cri-2.7.0/lib/cri/command.rb:294:in `run_this'
  32. /usr/local/rvm/gems/ruby-2.3.0/gems/cri-2.7.0/lib/cri/command.rb:247:in `run'
  33. /usr/local/rvm/gems/ruby-2.3.0/gems/nanoc-4.3.2/lib/nanoc/cli.rb:46:in `block in run'
  34. /usr/local/rvm/gems/ruby-2.3.0/gems/nanoc-4.3.2/lib/nanoc/cli/error_handler.rb:64:in `handle_while'
  35. /usr/local/rvm/gems/ruby-2.3.0/gems/nanoc-4.3.2/lib/nanoc/cli/error_handler.rb:22:in `handle_while'
  36. /usr/local/rvm/gems/ruby-2.3.0/gems/nanoc-4.3.2/lib/nanoc/cli.rb:44:in `run'
  37. /usr/local/rvm/gems/ruby-2.3.0/gems/nanoc-4.3.2/bin/nanoc:9:in `<top (required)>'
  38. /usr/local/rvm/gems/ruby-2.3.0/bin/nanoc:23:in `load'
  39. /usr/local/rvm/gems/ruby-2.3.0/bin/nanoc:23:in `<main>'
  40. /usr/local/rvm/gems/ruby-2.3.0/bin/ruby_executable_hooks:15:in `eval'

===== VERSION INFORMATION:

Nanoc 4.3.2 © 2007-2016 Denis Defreyne.
Running ruby 2.3.0 (2015-12-25) on x86_64-linux with RubyGems 2.5.1.

===== SYSTEM INFORMATION:

Linux rhyneav-portfolio-3818345 4.2.0-c9 #1 SMP Fri Nov 20 14:49:01 UTC 2015 x86_64 x86_64 x86_64 GNU/Linux

===== INSTALLED GEMS:

  adsf 1.2.1
  bigdecimal 1.2.8
  bundler-unload 1.0.2
  colored 1.2
  concurrent-ruby 1.0.2
  cri 2.7.0
  did_you_mean 1.0.0
  executable-hooks 1.3.2
  gem-wrappers 1.2.7
  hamster 3.0.0
  io-console 0.4.5
  json 1.8.3
  kramdown 1.12.0
  minitest 5.8.3
  nanoc 4.3.2
  net-telnet 0.1.1
  power_assert 0.2.6
  psych 2.0.17
  rack 1.2.8
  rake 10.4.2
  rdoc 4.2.1
  ref 2.0.0
  rubygems-bundler 1.4.4
  rvm 1.11.3.9
  test-unit 3.1.5

===== LOAD PATHS:

  0. /usr/local/rvm/gems/ruby-2.3.0/gems/ref-2.0.0/lib
  1. /usr/local/rvm/gems/ruby-2.3.0@global/gems/did_you_mean-1.0.0/lib
  2. /usr/local/rvm/gems/ruby-2.3.0@global/gems/executable-hooks-1.3.2/lib
  3. /usr/local/rvm/gems/ruby-2.3.0@global/extensions/x86_64-linux/2.3.0/executable-hooks-1.3.2
  4. /usr/local/rvm/gems/ruby-2.3.0@global/gems/bundler-unload-1.0.2/lib
  5. /usr/local/rvm/gems/ruby-2.3.0@global/gems/rubygems-bundler-1.4.4/lib
  6. /usr/local/rvm/gems/ruby-2.3.0/gems/colored-1.2/lib
  7. /usr/local/rvm/gems/ruby-2.3.0/gems/cri-2.7.0/lib
  8. /usr/local/rvm/gems/ruby-2.3.0/gems/concurrent-ruby-1.0.2/lib
  9. /usr/local/rvm/gems/ruby-2.3.0/gems/hamster-3.0.0/lib
  10. /usr/local/rvm/gems/ruby-2.3.0/gems/ref-2.0.0/lib
  11. /usr/local/rvm/gems/ruby-2.3.0/gems/nanoc-4.3.2/lib
  12. /usr/local/rvm/gems/ruby-2.3.0/gems/kramdown-1.12.0/lib
  13. /usr/local/rvm/rubies/ruby-2.3.0/lib/ruby/site_ruby/2.3.0
  14. /usr/local/rvm/rubies/ruby-2.3.0/lib/ruby/site_ruby/2.3.0/x86_64-linux
  15. /usr/local/rvm/rubies/ruby-2.3.0/lib/ruby/site_ruby
  16. /usr/local/rvm/rubies/ruby-2.3.0/lib/ruby/vendor_ruby/2.3.0
  17. /usr/local/rvm/rubies/ruby-2.3.0/lib/ruby/vendor_ruby/2.3.0/x86_64-linux
  18. /usr/local/rvm/rubies/ruby-2.3.0/lib/ruby/vendor_ruby
  19. /usr/local/rvm/rubies/ruby-2.3.0/lib/ruby/2.3.0
  20. /usr/local/rvm/rubies/ruby-2.3.0/lib/ruby/2.3.0/x86_64-linux
